<?xml version="1.0" encoding="UTF-8"?>
<!-- Generated by org.testng.reporters.JUnitReportReporter -->
<testsuite hostname="EPINHYDW071F" failures="0" tests="10" name="testPackage.CalculatorTest" time="0.009" errors="0" timestamp="2024-03-14T13:42:20 IST" skipped="0">
  <testcase classname="testPackage.CalculatorTest" name="DivideByZero" time="0.001"/>
  <testcase classname="testPackage.CalculatorTest" name="AddTwoNumbers" time="0.006"/>
  <testcase classname="testPackage.CalculatorTest" name="MultiplyTwoNumbers" time="0.000"/>
  <testcase classname="testPackage.CalculatorTest" name="SubtractTwoNumbers" time="0.000"/>
  <testcase classname="testPackage.CalculatorTest" name="TestDivideNegativeNumbers" time="0.000"/>
  <testcase classname="testPackage.CalculatorTest" name="TestOverflowingInputs" time="0.000"/>
  <testcase classname="testPackage.CalculatorTest" name="DivideTwoNumbers" time="0.000"/>
  <testcase classname="testPackage.CalculatorTest" name="testPowerOperation" time="0.001"/>
  <testcase classname="testPackage.CalculatorTest" name="TestNegativeSquareRoot" time="0.000"/>
  <testcase classname="testPackage.CalculatorTest" name="testInvalidInputTrigonometric" time="0.001"/>
</testsuite> <!-- testPackage.CalculatorTest -->
